
The following files have been resolved:
   com.squareup.okhttp3:okhttp:jar:3.10.0:compile
   com.fasterxml.jackson.core:jackson-core:jar:2.9.5:compile
   org.eclipse.jetty:jetty-webapp:jar:9.4.12.v20180830:compile
   com.google.code.findbugs:jsr305:jar:1.3.9:compile
   org.eclipse.jetty.websocket:websocket-server:jar:9.4.12.v20180830:compile
   com.google.j2objc:j2objc-annotations:jar:1.1:compile
   org.codehaus.mojo:animal-sniffer-annotations:jar:1.14:compile
   org.eclipse.jetty.websocket:websocket-client:jar:9.4.12.v20180830:compile
   org.jetbrains.kotlin:kotlin-stdlib-jdk7:jar:1.2.71:compile
   org.eclipse.jetty:jetty-util:jar:9.4.12.v20180830:compile
   org.eclipse.jetty:jetty-security:jar:9.4.12.v20180830:compile
   io.javalin:javalin:jar:2.4.0:compile
   org.eclipse.jetty:jetty-http:jar:9.4.12.v20180830:compile
   org.eclipse.jetty.websocket:websocket-api:jar:9.4.12.v20180830:compile
   com.google.errorprone:error_prone_annotations:jar:2.0.18:compile
   com.google.guava:guava:jar:23.0:compile
   org.eclipse.jetty:jetty-server:jar:9.4.12.v20180830:compile
   com.googlecode.clichemaven:cliche:jar:110413:compile
   org.eclipse.jetty:jetty-xml:jar:9.4.12.v20180830:compile
   com.squareup.okio:okio:jar:1.14.0:compile
   org.jetbrains.kotlin:kotlin-stdlib:jar:1.2.71:compile
   javax.servlet:javax.servlet-api:jar:3.1.0:compile
   com.fasterxml.jackson.core:jackson-annotations:jar:2.9.0:compile
   org.eclipse.jetty.websocket:websocket-servlet:jar:9.4.12.v20180830:compile
   org.slf4j:slf4j-simple:jar:1.7.25:compile
   org.jetbrains.kotlin:kotlin-stdlib-jdk8:jar:1.2.71:compile
   java-ascii-table:java-ascii-table:jar:1.0:compile
   org.slf4j:slf4j-api:jar:1.7.25:compile
   org.eclipse.jetty:jetty-client:jar:9.4.12.v20180830:compile
   org.eclipse.jetty:jetty-io:jar:9.4.12.v20180830:compile
   org.eclipse.jetty:jetty-servlet:jar:9.4.12.v20180830:compile
   org.eclipse.jetty.websocket:websocket-common:jar:9.4.12.v20180830:compile
   com.fasterxml.jackson.core:jackson-databind:jar:2.9.5:compile
   org.jetbrains.kotlin:kotlin-stdlib-common:jar:1.2.71:compile
   org.jetbrains:annotations:jar:13.0:compile

